<?xml version="1.0" encoding="utf-8"?>
<!DOCTYPE coverage SYSTEM "http://cobertura.sourceforge.net/xml/coverage-04.dtd">
<coverage line-rate="0.9399038461538461" branch-rate="0.7970479704797048" lines-covered="1955" lines-valid="2080" branches-covered="648" branches-valid="813" complexity="1047" version="0" timestamp="1789635876">
  <sources>
    <source>/src/FitTrack.API/</source>
  </sources>
  <packages>
    <package name="FitTrack.API" line-rate="0.9399038461538461" branch-rate="0.7970479704797048" complexity="1047">
      <classes>
        <class name="FitTrack.API.Controllers.AccountController" filename="/src/FitTrack.API/Controllers/AccountController.cs" line-rate="1" branch-rate="0.7916666666666666" complexity="74">
          <methods>
            <method name="Legacy" signature="()" line-rate="1" branch-rate="0.5" complexity="2">
              <lines>
                <line number="194" hits="4" branch="true" condition-coverage="50% (1/2)" />
              </lines>
            </method>
            <method name="LoadUserAsync" signature="(System.Threading.CancellationToken)" line-rate="1" branch-rate="0.5" complexity="2">
              <lines>
                <line number="248" hits="46" branch="false" />
                <line number="249" hits="46" branch="true" condition-coverage="50% (1/2)" />
              </lines>
            </method>
            <method name="Verify" signature="(FitTrack.API.Models.User,System.String)" line-rate="1" branch-rate="0.5" complexity="4">
              <lines>
                <line number="254" hits="10" branch="true" condition-coverage="50% (2/4)" />
                <line number="255" hits="10" branch="false" />
              </lines>
            </method>
            <method name="LegacySecret" signature="()" line-rate="1" branch-rate="0.75" complexity="4">
              <lines>
                <line number="260" hits="12" branch="true" condition-coverage="100% (2/2)" />
                <line number="261" hits="12" branch="true" condition-coverage="50% (1/2)" />
              </lines>
            </method>
            <method name=".ctor" signature="(FitTrack.API.Data.AppDbContext,FitTrack.API.Security.CurrentUser,Microsoft.AspNetCore.Identity.IPasswordHasher`1&lt;FitTrack.API.Models.User&gt;,FitTrack.API.Services.ApiKeyService,Microsoft.Extensions.Configuration.IConfiguration,Microsoft.Extensions.Logging.ILogger`1&lt;FitTrack.API.Controllers.AccountController&gt;)" line-rate="1" branch-rate="1" complexity="1">
              <lines>
                <line number="37" hits="118" branch="false" />
                <line number="38" hits="118" branch="false" />
                <line number="40" hits="118" branch="false" />
                <line number="41" hits="118" branch="false" />
                <line number="42" hits="118" branch="false" />
                <line number="43" hits="118" branch="false" />
                <line number="44" hits="118" branch="false" />
                <line number="45" hits="118" branch="false" />
                <line number="46" hits="118" branch="false" />
              </lines>
            </method>
            <method name="ChangePassword" signature="()" line-rate="1" branch-rate="0.8333333333333334" complexity="6">
              <lines>
                <line number="94" hits="6" branch="false" />
                <line number="95" hits="6" branch="true" condition-coverage="50% (1/2)" />
                <line number="97" hits="6" branch="true" condition-coverage="100% (2/2)" />
                <line number="98" hits="2" branch="false" />
                <line number="100" hits="4" branch="false" />
                <line number="101" hits="6" branch="true" condition-coverage="100% (2/2)" />
                <line number="103" hits="2" branch="false" />
                <line number="104" hits="2" branch="false" />
                <line number="105" hits="2" branch="false" />
                <line number="106" hits="2" branch="false" />
                <line number="107" hits="2" branch="false" />
                <line number="108" hits="6" branch="false" />
              </lines>
            </method>
            <method name="ClaimLegacy" signature="()" line-rate="1" branch-rate="0.85" complexity="20">
              <lines>
                <line number="200" hits="8" branch="false" />
                <line number="201" hits="8" branch="true" condition-coverage="100% (4/4)" />
                <line number="202" hits="2" branch="false" />
                <line number="204" hits="6" branch="true" condition-coverage="50% (1/2)" />
                <line number="205" hits="6" branch="false" />
                <line number="206" hits="6" branch="true" condition-coverage="100% (2/2)" />
                <line number="207" hits="4" branch="false" />
                <line number="209" hits="2" branch="false" />
                <line number="210" hits="2" branch="true" condition-coverage="50% (1/2)" />
                <line number="212" hits="2" branch="false" />
                <line number="213" hits="2" branch="false" />
                <line number="215" hits="2" branch="false" />
                <line number="217" hits="12" branch="true" condition-coverage="100% (2/2)" />
                <line number="219" hits="4" branch="false" />
                <line number="220" hits="4" branch="false" />
                <line number="221" hits="4" branch="false" />
                <line number="223" hits="44" branch="true" condition-coverage="100% (2/2)" />
                <line number="225" hits="20" branch="false" />
                <line number="226" hits="20" branch="false" />
                <line number="227" hits="20" branch="false" />
                <line number="231" hits="2" branch="false" />
                <line number="232" hits="2" branch="true" condition-coverage="83% (5/6)" />
                <line number="233" hits="2" branch="false" />
                <line number="235" hits="2" branch="false" />
                <line number="236" hits="2" branch="false" />
                <line number="238" hits="2" branch="false" />
                <line number="240" hits="2" branch="false" />
                <line number="241" hits="2" branch="false" />
                <line number="242" hits="8" branch="false" />
              </lines>
            </method>
            <method name="CreateLinkCode" signature="()" line-rate="1" branch-rate="0.75" complexity="4">
              <lines>
                <line number="161" hits="24" branch="true" condition-coverage="100% (2/2)" />
                <line number="162" hits="2" branch="false" />
                <line number="164" hits="22" branch="false" />
                <line number="165" hits="22" branch="true" condition-coverage="50% (1/2)" />
                <line number="167" hits="22" branch="false" />
                <line number="168" hits="22" branch="false" />
                <line number="169" hits="22" branch="false" />
                <line number="170" hits="22" branch="false" />
                <line number="171" hits="22" branch="false" />
                <line number="172" hits="24" branch="false" />
              </lines>
            </method>
            <method name="DeleteAccount" signature="()" line-rate="1" branch-rate="0.8333333333333334" complexity="6">
              <lines>
                <line number="126" hits="4" branch="false" />
                <line number="127" hits="4" branch="true" condition-coverage="50% (1/2)" />
                <line number="128" hits="6" branch="true" condition-coverage="100% (2/2)" />
                <line number="130" hits="2" branch="false" />
                <line number="131" hits="2" branch="false" />
                <line number="132" hits="44" branch="true" condition-coverage="100% (2/2)" />
                <line number="133" hits="20" branch="false" />
                <line number="134" hits="2" branch="false" />
                <line number="135" hits="2" branch="false" />
                <line number="136" hits="2" branch="false" />
                <line number="138" hits="2" branch="false" />
                <line number="139" hits="2" branch="false" />
                <line number="140" hits="2" branch="false" />
                <line number="141" hits="4" branch="false" />
              </lines>
            </method>
            <method name="DeleteKey" signature="()" line-rate="1" branch-rate="1" complexity="1">
              <lines>
                <line number="84" hits="2" branch="false" />
                <line number="85" hits="2" branch="false" />
                <line number="86" hits="2" branch="false" />
              </lines>
            </method>
            <method name="GetKey" signature="()" line-rate="1" branch-rate="1" complexity="8">
              <lines>
                <line number="53" hits="8" branch="false" />
                <line number="54" hits="8" branch="true" condition-coverage="100% (8/8)" />
                <line number="55" hits="8" branch="false" />
                <line number="56" hits="8" branch="false" />
              </lines>
            </method>
            <method name="LogoutAll" signature="()" line-rate="1" branch-rate="0.5" complexity="2">
              <lines>
                <line number="113" hits="2" branch="false" />
                <line number="114" hits="2" branch="true" condition-coverage="50% (1/2)" />
                <line number="115" hits="2" branch="false" />
                <line number="116" hits="2" branch="false" />
                <line number="117" hits="2" branch="false" />
                <line number="118" hits="2" branch="false" />
                <line number="119" hits="2" branch="false" />
              </lines>
            </method>
            <method name="SaveKey" signature="()" line-rate="1" branch-rate="0.9" complexity="10">
              <lines>
                <line number="62" hits="50" branch="true" condition-coverage="100% (2/2)" />
                <line number="63" hits="2" branch="false" />
                <line number="65" hits="48" branch="true" condition-coverage="50% (1/2)" />
                <line number="66" hits="48" branch="true" condition-coverage="100% (2/2)" />
                <line number="67" hits="6" branch="false" />
                <line number="69" hits="42" branch="true" condition-coverage="100% (4/4)" />
                <line number="72" hits="2" branch="false" />
                <line number="74" hits="2" branch="false" />
                <line number="77" hits="38" branch="false" />
                <line number="78" hits="38" branch="false" />
                <line number="79" hits="50" branch="false" />
              </lines>
            </method>
            <method name="Telegram" signature="()" line-rate="1" branch-rate="0.5" complexity="2">
              <lines>
                <line number="148" hits="8" branch="false" />
                <line number="149" hits="8" branch="true" condition-coverage="50% (1/2)" />
                <line number="150" hits="8" branch="false" />
                <line number="151" hits="8" branch="false" />
              </lines>
            </method>
            <method name="UnlinkTelegram" signature="()" line-rate="1" branch-rate="0.5" complexity="2">
              <lines>
                <line number="177" hits="2" branch="false" />
                <line number="178" hits="2" branch="true" condition-coverage="50% (1/2)" />
                <line number="179" hits="2" branch="false" />
                <line number="180" hits="2" branch="false" />
                <line number="181" hits="2" branch="false" />
                <line number="182" hits="2" branch="false" />
                <line number="183" hits="2" branch="false" />
                <line number="184" hits="2" branch="false" />
              </lines>
            </method>
          </methods>
          <lines>
            <line number="37" hits="118" branch="false" />
            <line number="38" hits="118" branch="false" />
            <line number="40" hits="118" branch="false" />
            <line number="41" hits="118" branch="false" />
            <line number="42" hits="118" branch="false" />
            <line number="43" hits="118" branch="false" />
            <line number="44" hits="118" branch="false" />
            <line number="45" hits="118" branch="false" />
            <line number="46" hits="118" branch="false" />
            <line number="53" hits="8" branch="false" />
            <line number="54" hits="8" branch="true" condition-coverage="100% (8/8)" />
            <line number="55" hits="8" branch="false" />
            <line number="56" hits="8" branch="false" />
            <line number="62" hits="50" branch="true" condition-coverage="100% (2/2)" />
            <line number="63" hits="2" branch="false" />
            <line number="65" hits="48" branch="true" condition-coverage="50% (1/2)" />
            <line number="66" hits="48" branch="true" condition-coverage="100% (2/2)" />
            <line number="67" hits="6" branch="false" />
            <line number="69" hits="42" branch="true" condition-coverage="100% (4/4)" />
            <line number="72" hits="2" branch="false" />
            <line number="74" hits="2" branch="false" />
            <line number="77" hits="38" branch="false" />
            <line number="78" hits="38" branch="false" />
            <line number="79" hits="50" branch="false" />
            <line number="84" hits="2" branch="false" />
            <line number="85" hits="2" branch="false" />
            <line number="86" hits="2" branch="false" />
            <line number="94" hits="6" branch="false" />
            <line number="95" hits="6" branch="true" condition-coverage="50% (1/2)" />
            <line number="97" hits="6" branch="true" condition-coverage="100% (2/2)" />
            <line number="98" hits="2" branch="false" />
            <line number="100" hits="4" branch="false" />
            <line number="101" hits="6" branch="true" condition-coverage="100% (2/2)" />
            <line number="103" hits="2" branch="false" />
            <line number="104" hits="2" branch="false" />
            <line number="105" hits="2" branch="false" />
            <line number="106" hits="2" branch="false" />
            <line number="107" hits="2" branch="false" />
            <line number="108" hits="6" branch="false" />
            <line number="113" hits="2" branch="false" />
            <line number="114" hits="2" branch="true" condition-coverage="50% (1/2)" />
            <line number="115" hits="2" branch="false" />
            <line number="116" hits="2" branch="false" />
            <line number="117" hits="2" branch="false" />
            <line number="118" hits="2" branch="false" />
            <line number="119" hits="2" branch="false" />
            <line number="126" hits="4" branch="false" />
            <line number="127" hits="4" branch="true" condition-coverage="50% (1/2)" />
            <line number="128" hits="6" branch="true" condition-coverage="100% (2/2)" />
            <line number="130" hits="2" branch="false" />
            <line number="131" hits="2" branch="false" />
            <line number="132" hits="44" branch="true" condition-coverage="100% (2/2)" />
            <line number="133" hits="20" branch="false" />
            <line number="134" hits="2" branch="false" />
            <line number="135" hits="2" branch="false" />
            <line number="136" hits="2" branch="false" />
            <line number="138" hits="2" branch="false" />
            <line number="139" hits="2" branch="false" />
            <line number="140" hits="2" branch="false" />
            <line number="141" hits="4" branch="false" />
            <line number="148" hits="8" branch="false" />
            <line number="149" hits="8" branch="true" condition-coverage="50% (1/2)" />
            <line number="150" hits="8" branch="false" />
            <line number="151" hits="8" branch="false" />
            <line number="161" hits="24" branch="true" condition-coverage="100% (2/2)" />
            <line number="162" hits="2" branch="false" />
            <line number="164" hits="22" branch="false" />
            <line number="165" hits="22" branch="true" condition-coverage="50% (1/2)" />
            <line number="167" hits="22" branch="false" />
            <line number="168" hits="22" branch="false" />
            <line number="169" hits="22" branch="false" />
            <line number="170" hits="22" branch="false" />
            <line number="171" hits="22" branch="false" />
            <line number="172" hits="24" branch="false" />
            <line number="177" hits="2" branch="false" />
            <line number="178" hits="2" branch="true" condition-coverage="50% (1/2)" />
            <line number="179" hits="2" branch="false" />
            <line number="180" hits="2" branch="false" />
            <line number="181" hits="2" branch="false" />
            <line number="182" hits="2" branch="false" />
            <line number="183" hits="2" branch="false" />
            <line number="184" hits="2" branch="false" />
            <line number="194" hits="4" branch="true" condition-coverage="50% (1/2)" />
            <line number="200" hits="8" branch="false" />
            <line number="201" hits="8" branch="true" condition-coverage="100% (4/4)" />
            <line number="202" hits="2" branch="false" />
            <line number="204" hits="6" branch="true" condition-coverage="50% (1/2)" />
            <line number="205" hits="6" branch="false" />
            <line number="206" hits="6" branch="true" condition-coverage="100% (2/2)" />
            <line number="207" hits="4" branch="false" />
            <line number="209" hits="2" branch="false" />
            <line number="210" hits="2" branch="true" condition-coverage="50% (1/2)" />
            <line number="212" hits="2" branch="false" />
            <line number="213" hits="2" branch="false" />
            <line number="215" hits="2" branch="false" />
            <line number="217" hits="12" branch="true" condition-coverage="100% (2/2)" />
            <line number="219" hits="4" branch="false" />
            <line number="220" hits="4" branch="false" />
            <line number="221" hits="4" branch="false" />
            <line number="223" hits="44" branch="true" condition-coverage="100% (2/2)" />
            <line number="225" hits="20" branch="false" />
            <line number="226" hits="20" branch="false" />
            <line number="227" hits="20" branch="false" />
            <line number="231" hits="2" branch="false" />
            <line number="232" hits="2" branch="true" condition-coverage="83% (5/6)" />
            <line number="233" hits="2" branch="false" />
            <line number="235" hits="2" branch="false" />
            <line number="236" hits="2" branch="false" />
            <line number="238" hits="2" branch="false" />
            <line number="240" hits="2" branch="false" />
            <line number="241" hits="2" branch="false" />
            <line number="242" hits="8" branch="false" />
            <line number="248" hits="46" branch="false" />
            <line number="249" hits="46" branch="true" condition-coverage="50% (1/2)" />
            <line number="254" hits="10" branch="true" condition-coverage="50% (2/4)" />
            <line number="255" hits="10" branch="false" />
            <line number="260" hits="12" branch="true" condition-coverage="100% (2/2)" />
            <line number="261" hits="12" branch="true" condition-coverage="50% (1/2)" />
          </lines>
        </class>
        <class name="FitTrack.API.Controllers.ApiKeyStatus" filename="/src/FitTrack.API/Controllers/AccountController.cs" line-rate="1" branch-rate="1" complexity="1">
          <methods>
            <method name="get_HasKey" signature="()" line-rate="1" branch-rate="1" complexity="1">
              <lines>
                <line number="19" hits="276" branch="false" />
              </lines>
            </method>
          </methods>
          <lines>
            <line number="19" hits="276" branch="false" />
          </lines>
        </class>
        <class name="FitTrack.API.Controllers.AuthController" filename="/src/FitTrack.API/Controllers/AuthController.cs" line-rate="0.9666666666666667" branch-rate="0.8666666666666667" complexity="66">
          <methods>
            <method name="SignInAsync" signature="(FitTrack.API.Models.User)" line-rate="1" branch-rate="1" complexity="1">
              <lines>
                <line number="158" hits="146" branch="false" />
              </lines>
            </method>
            <method name="SignInAsync" signature="(Microsoft.AspNetCore.Http.HttpContext,FitTrack.API.Models.User)" line-rate="1" branch-rate="1" complexity="1">
              <lines>
                <line number="162" hits="148" branch="false" />
                <line number="163" hits="148" branch="false" />
                <line number="164" hits="148" branch="false" />
                <line number="165" hits="148" branch="false" />
                <line number="166" hits="148" branch="false" />
                <line number="168" hits="148" branch="false" />
                <line number="169" hits="148" branch="false" />
                <line number="170" hits="148" branch="false" />
              </lines>
            </method>
            <method name="NormalizeEmail" signature="(System.String)" line-rate="1" branch-rate="1" complexity="12">
              <lines>
                <line number="175" hits="222" branch="true" condition-coverage="100% (2/2)" />
                <line number="176" hits="228" branch="true" condition-coverage="100% (6/6)" />
                <line number="179" hits="216" branch="false" />
                <line number="180" hits="212" branch="true" condition-coverage="100% (4/4)" />
                <line number="182" hits="8" branch="false" />
                <line number="183" hits="216" branch="false" />
              </lines>
            </method>
            <method name="ValidatePassword" signature="(System.String,System.String)" line-rate="1" branch-rate="0.8" complexity="10">
              <lines>
                <line number="187" hits="146" branch="true" condition-coverage="50% (1/2)" />
                <line number="188" hits="150" branch="true" condition-coverage="100% (2/2)" />
                <line number="189" hits="142" branch="true" condition-coverage="50% (1/2)" />
                <line number="190" hits="144" branch="true" condition-coverage="100% (2/2)" />
                <line number="191" hits="142" branch="true" condition-coverage="100% (2/2)" />
                <line number="192" hits="138" branch="false" />
              </lines>
            </method>
            <method name=".ctor" signature="(FitTrack.API.Data.AppDbContext,Microsoft.AspNetCore.Identity.IPasswordHasher`1&lt;FitTrack.API.Models.User&gt;,FitTrack.API.Services.ApiKeyService,Microsoft.Extensions.Logging.ILogger`1&lt;FitTrack.API.Controllers.AuthController&gt;)" line-rate="1" branch-rate="1" complexity="1">
              <lines>
                <line number="42" hits="216" branch="false" />
                <line number="44" hits="216" branch="false" />
                <line number="45" hits="216" branch="false" />
                <line number="46" hits="216" branch="false" />
                <line number="47" hits="216" branch="false" />
                <line number="48" hits="216" branch="false" />
              </lines>
            </method>
            <method name=".cctor" signature="()" line-rate="1" branch-rate="1" complexity="1">
              <lines>
                <line number="29" hits="2" branch="false" />
                <line number="35" hits="2" branch="false" />
              </lines>
            </method>
            <method name="Login" signature="()" line-rate="0.9629629629629629" branch-rate="0.85" complexity="20">
              <lines>
                <line number="95" hits="56" branch="false" />
                <line number="96" hits="56" branch="true" condition-coverage="50% (1/2)" />
                <line number="97" hits="56" branch="true" condition-coverage="50% (1/2)" />
                <line number="99" hits="56" branch="true" condition-coverage="100% (4/4)" />
                <line number="101" hits="12" branch="true" condition-coverage="100% (2/2)" />
                <line number="102" hits="12" branch="false" />
                <line number="105" hits="44" branch="true" condition-coverage="100% (4/4)" />
                <line number="107" hits="2" branch="false" />
                <line number="108" hits="2" branch="false" />
                <line number="109" hits="2" branch="false" />
                <line number="112" hits="42" branch="false" />
                <line number="113" hits="42" branch="true" condition-coverage="100% (2/2)" />
                <line number="115" hits="30" branch="false" />
                <line number="116" hits="30" branch="true" condition-coverage="100% (2/2)" />
                <line number="118" hits="2" branch="false" />
                <line number="119" hits="2" branch="false" />
                <line number="120" hits="2" branch="false" />
                <line number="122" hits="30" branch="false" />
                <line number="123" hits="30" branch="false" />
                <line number="126" hits="12" branch="true" condition-coverage="50% (1/2)" />
                <line number="127" hits="0" branch="false" />
                <line number="128" hits="12" branch="false" />
                <line number="129" hits="12" branch="false" />
                <line number="130" hits="12" branch="false" />
                <line number="132" hits="12" branch="false" />
                <line number="133" hits="12" branch="false" />
                <line number="134" hits="56" branch="false" />
              </lines>
            </method>
            <method name="Logout" signature="()" line-rate="1" branch-rate="1" complexity="1">
              <lines>
                <line number="140" hits="2" branch="false" />
                <line number="141" hits="2" branch="false" />
                <line number="142" hits="2" branch="false" />
              </lines>
            </method>
            <method name="Me" signature="()" line-rate="1" branch-rate="0.5" complexity="4">
              <lines>
                <line number="147" hits="8" branch="false" />
                <line number="148" hits="8" branch="true" condition-coverage="50% (1/2)" />
                <line number="149" hits="8" branch="true" condition-coverage="50% (1/2)" />
                <line number="150" hits="8" branch="false" />
                <line number="151" hits="8" branch="false" />
              </lines>
            </method>
            <method name="Register" signature="()" line-rate="0.92" branch-rate="0.9285714285714286" complexity="14">
              <lines>
                <line number="55" hits="150" branch="false" />
                <line number="56" hits="154" branch="true" condition-coverage="100% (2/2)" />
                <line number="58" hits="146" branch="true" condition-coverage="50% (1/2)" />
                <line number="59" hits="150" branch="true" condition-coverage="100% (6/6)" />
                <line number="61" hits="142" branch="false" />
                <line number="62" hits="148" branch="true" condition-coverage="100% (2/2)" />
                <line number="64" hits="136" branch="true" condition-coverage="100% (2/2)" />
                <line number="65" hits="2" branch="false" />
                <line number="67" hits="134" branch="false" />
                <line number="68" hits="134" branch="false" />
                <line number="69" hits="134" branch="false" />
                <line number="70" hits="134" branch="false" />
                <line number="71" hits="134" branch="false" />
                <line number="72" hits="134" branch="false" />
                <line number="73" hits="134" branch="false" />
                <line number="74" hits="134" branch="false" />
                <line number="75" hits="134" branch="false" />
                <line number="76" hits="134" branch="false" />
                <line number="78" hits="268" branch="false" />
                <line number="79" hits="0" branch="false" />
                <line number="81" hits="0" branch="false" />
                <line number="84" hits="134" branch="false" />
                <line number="85" hits="134" branch="false" />
                <line number="86" hits="134" branch="false" />
                <line number="87" hits="150" branch="false" />
              </lines>
            </method>
            <method name="ToSession" signature="()" line-rate="1" branch-rate="1" complexity="1">
              <lines>
                <line number="156" hits="154" branch="false" />
              </lines>
            </method>
          </methods>
          <lines>
            <line number="29" hits="2" branch="false" />
            <line number="35" hits="2" branch="false" />
            <line number="42" hits="216" branch="false" />
            <line number="44" hits="216" branch="false" />
            <line number="45" hits="216" branch="false" />
            <line number="46" hits="216" branch="false" />
            <line number="47" hits="216" branch="false" />
            <line number="48" hits="216" branch="false" />
            <line number="55" hits="150" branch="false" />
            <line number="56" hits="154" branch="true" condition-coverage="100% (2/2)" />
            <line number="58" hits="146" branch="true" condition-coverage="50% (1/2)" />
            <line number="59" hits="150" branch="true" condition-coverage="100% (6/6)" />
            <line number="61" hits="142" branch="false" />
            <line number="62" hits="148" branch="true" condition-coverage="100% (2/2)" />
            <line number="64" hits="136" branch="true" condition-coverage="100% (2/2)" />
            <line number="65" hits="2" branch="false" />
            <line number="67" hits="134" branch="false" />
            <line number="68" hits="134" branch="false" />
            <line number="69" hits="134" branch="false" />
            <line number="70" hits="134" branch="false" />
            <line number="71" hits="134" branch="false" />
            <line number="72" hits="134" branch="false" />
            <line number="73" hits="134" branch="false" />
            <line number="74" hits="134" branch="false" />
            <line number="75" hits="134" branch="false" />
            <line number="76" hits="134" branch="false" />
            <line number="78" hits="268" branch="false" />
            <line number="79" hits="0" branch="false" />
            <line number="81" hits="0" branch="false" />
            <line number="84" hits="134" branch="false" />
            <line number="85" hits="134" branch="false" />
            <line number="86" hits="134" branch="false" />
            <line number="87" hits="150" branch="false" />
            <line number="95" hits="56" branch="false" />
            <line number="96" hits="56" branch="true" condition-coverage="50% (1/2)" />
            <line number="97" hits="56" branch="true" condition-coverage="50% (1/2)" />
            <line number="99" hits="56" branch="true" condition-coverage="100% (4/4)" />
            <line number="101" hits="12" branch="true" condition-coverage="100% (2/2)" />
            <line number="102" hits="12" branch="false" />
            <line number="105" hits="44" branch="true" condition-coverage="100% (4/4)" />
            <line number="107" hits="2" branch="false" />
            <line number="108" hits="2" branch="false" />
            <line number="109" hits="2" branch="false" />
            <line number="112" hits="42" branch="false" />
            <line number="113" hits="42" branch="true" condition-coverage="100% (2/2)" />
            <line number="115" hits="30" branch="false" />
            <line number="116" hits="30" branch="true" condition-coverage="100% (2/2)" />
            <line number="118" hits="2" branch="false" />
            <line number="119" hits="2" branch="false" />
            <line number="120" hits="2" branch="false" />
            <line number="122" hits="30" branch="false" />
            <line number="123" hits="30" branch="false" />
            <line number="126" hits="12" branch="true" condition-coverage="50% (1/2)" />
            <line number="127" hits="0" branch="false" />
            <line number="128" hits="12" branch="false" />
            <line number="129" hits="12" branch="false" />
            <line number="130" hits="12" branch="false" />
            <line number="132" hits="12" branch="false" />
            <line number="133" hits="12" branch="false" />
            <line number="134" hits="56" branch="false" />
            <line number="140" hits="2" branch="false" />
            <line number="141" hits="2" branch="false" />
            <line number="142" hits="2" branch="false" />
            <line number="147" hits="8" branch="false" />
            <line number="148" hits="8" branch="true" condition-coverage="50% (1/2)" />
            <line number="149" hits="8" branch="true" condition-coverage="50% (1/2)" />
            <line number="150" hits="8" branch="false" />
            <line number="151" hits="8" branch="false" />
            <line number="156" hits="154" branch="false" />
            <line number="158" hits="146" branch="false" />
            <line number="162" hits="148" branch="false" />
            <line number="163" hits="148" branch="false" />
            <line number="164" hits="148" branch="false" />
            <line number="165" hits="148" branch="false" />
            <line number="166" hits="148" branch="false" />
            <line number="168" hits="148" branch="false" />
            <line number="169" hits="148" branch="false" />
            <line number="170" hits="148" branch="false" />
            <line number="175" hits="222" branch="true" condition-coverage="100% (2/2)" />
            <line number="176" hits="228" branch="true" condition-coverage="100% (6/6)" />
            <line number="179" hits="216" branch="false" />
            <line number="180" hits="212" branch="true" condition-coverage="100% (4/4)" />
            <line number="182" hits="8" branch="false" />
            <line number="183" hits="216" branch="false" />
            <line number="187" hits="146" branch="true" condition-coverage="50% (1/2)" />
            <line number="188" hits="150" branch="true" condition-coverage="100% (2/2)" />
            <line number="189" hits="142" branch="true" condition-coverage="50% (1/2)" />
            <line number="190" hits="144" branch="true" condition-coverage="100% (2/2)" />
            <line number="191" hits="142" branch="true" condition-coverage="100% (2/2)" />
            <line number="192" hits="138" branch="false" />
          </lines>
        </class>
        <class name="FitTrack.API.Controllers.ChangePasswordRequest" filename="/src/FitTrack.API/Controllers/AccountController.cs" line-rate="1" branch-rate="1" complexity="1">
          <methods>
            <method name="get_CurrentPassword" signature="()" line-rate="1" branch-rate="1" complexity="1">
              <lines>
                <line number="20" hits="30" branch="false" />
              </lines>
            </method>
          </methods>
          <lines>
            <line number="20" hits="30" branch="false" />
          </lines>
        </class>
        <class name="FitTrack.API.Controllers.CheckInController" filename="/src/FitTrack.API/Controllers/CheckInController.cs" line-rate="1" branch-rate="0.8333333333333334" complexity="8">
          <methods>
            <method name=".ctor" signature="(FitTrack.API.Data.AppDbContext)" line-rate="1" branch-rate="1" complexity="1">
              <lines>
                <line number="13" hits="28" branch="false" />
              </lines>
            </method>
            <method name="Delete" signature="()" line-rate="1" branch-rate="1" complexity="2">
              <lines>
                <line number="60" hits="4" branch="false" />
                <line number="61" hits="6" branch="true" condition-coverage="100% (2/2)" />
                <line number="62" hits="2" branch="false" />
                <line number="63" hits="2" branch="false" />
                <line number="64" hits="2" branch="false" />
                <line number="65" hits="4" branch="false" />
              </lines>
            </method>
            <method name="Log" signature="()" line-rate="1" branch-rate="1" complexity="2">
              <lines>
                <line number="19" hits="2" branch="true" condition-coverage="100% (2/2)" />
                <line number="20" hits="2" branch="false" />
                <line number="21" hits="2" branch="false" />
                <line number="22" hits="2" branch="false" />
                <line number="23" hits="2" branch="false" />
                <line number="24" hits="2" branch="false" />
                <line number="25" hits="2" branch="false" />
                <line number="26" hits="2" branch="false" />
                <line number="27" hits="2" branch="false" />
                <line number="28" hits="2" branch="false" />
                <line number="29" hits="2" branch="false" />
                <line number="30" hits="2" branch="false" />
                <line number="31" hits="2" branch="false" />
                <line number="32" hits="2" branch="false" />
              </lines>
            </method>
            <method name="Recent" signature="()" line-rate="1" branch-rate="0.5" complexity="2">
              <lines>
                <line number="38" hits="6" branch="true" condition-coverage="50% (1/2)" />
                <line number="39" hits="6" branch="false" />
                <line number="40" hits="6" branch="false" />
                <line number="41" hits="6" branch="false" />
                <line number="42" hits="6" branch="false" />
                <line number="43" hits="6" branch="false" />
              </lines>
            </method>
            <method name="Today" signature="()" line-rate="1" branch-rate="1" complexity="1">
              <lines>
                <line number="49" hits="2" branch="false" />
                <line number="50" hits="2" branch="false" />
                <line number="51" hits="2" branch="false" />
                <line number="52" hits="2" branch="false" />
                <line number="53" hits="2" branch="false" />
                <line number="54" hits="2" branch="false" />
              </lines>
            </method>
          </methods>
          <lines>
            <line number="13" hits="28" branch="false" />
            <line number="19" hits="2" branch="true" condition-coverage="100% (2/2)" />
            <line number="20" hits="2" branch="false" />
            <line number="21" hits="2" branch="false" />
            <line number="22" hits="2" branch="false" />
            <line number="23" hits="2" branch="false" />
            <line number="24" hits="2" branch="false" />
            <line number="25" hits="2" branch="false" />
            <line number="26" hits="2" branch="false" />
            <line number="27" hits="2" branch="false" />
            <line number="28" hits="2" branch="false" />
            <line number="29" hits="2" branch="false" />
            <line number="30" hits="2" branch="false" />
            <line number="31" hits="2" branch="false" />
            <line number="32" hits="2" branch="false" />
            <line number="38" hits="6" branch="true" condition-coverage="50% (1/2)" />
            <line number="39" hits="6" branch="false" />
            <line number="40" hits="6" branch="false" />
            <line number="41" hits="6" branch="false" />
            <line number="42" hits="6" branch="false" />
            <line number="43" hits="6" branch="false" />
            <line number="49" hits="2" branch="false" />
            <line number="50" hits="2" branch="false" />
            <line number="51" hits="2" branch="false" />
            <line number="52" hits="2" branch="false" />
            <line number="53" hits="2" branch="false" />
            <line number="54" hits="2" branch="false" />
            <line number="60" hits="4" branch="false" />
            <line number="61" hits="6" branch="true" condition-coverage="100% (2/2)" />
            <line number="62" hits="2" branch="false" />
            <line number="63" hits="2" branch="false" />
            <line number="64" hits="2" branch="false" />
            <line number="65" hits="4" branch="false" />
          </lines>
        </class>
        <class name="FitTrack.API.Controllers.CoachController" filename="/src/FitTrack.API/Controllers/CoachController.cs" line-rate="1" branch-rate="0.9411764705882353" complexity="38">
          <methods>
            <method name=".ctor" signature="(FitTrack.API.Data.AppDbContext,FitTrack.API.Services.CoachService)" line-rate="1" branch-rate="1" complexity="1">
              <lines>
                <line number="22" hits="42" branch="false" />
                <line number="24" hits="42" branch="false" />
                <line number="25" hits="42" branch="false" />
                <line number="26" hits="42" branch="false" />
              </lines>
            </method>
            <method name="Chat" signature="()" line-rate="1" branch-rate="0.9411764705882353" complexity="36">
              <lines>
                <line number="46" hits="36" branch="true" condition-coverage="100% (2/2)" />
                <line number="47" hits="4" branch="false" />
                <line number="49" hits="32" branch="true" condition-coverage="100% (4/4)" />
                <line number="50" hits="2" branch="false" />
                <line number="51" hits="64" branch="true" condition-coverage="50% (1/2)" />
                <line number="52" hits="6" branch="false" />
                <line number="55" hits="52" branch="false" />
                <line number="56" hits="24" branch="true" condition-coverage="100% (2/2)" />
                <line number="57" hits="22" branch="false" />
                <line number="59" hits="24" branch="false" />
                <line number="60" hits="108" branch="true" condition-coverage="100% (2/2)" />
                <line number="62" hits="30" branch="true" condition-coverage="100% (8/8)" />
                <line number="63" hits="26" branch="false" />
                <line number="67" hits="28" branch="true" condition-coverage="83% (5/6)" />
                <line number="68" hits="4" branch="false" />
                <line number="70" hits="26" branch="true" condition-coverage="100% (2/2)" />
                <line number="72" hits="22" branch="false" />
                <line number="73" hits="22" branch="true" condition-coverage="100% (2/2)" />
                <line number="74" hits="6" branch="true" condition-coverage="100% (2/2)" />
                <line number="75" hits="6" branch="false" />
                <line number="76" hits="6" branch="false" />
                <line number="78" hits="16" branch="true" condition-coverage="100% (2/2)" />
                <line number="79" hits="16" branch="false" />
                <line number="80" hits="16" branch="false" />
                <line number="82" hits="16" branch="false" />
                <line number="83" hits="36" branch="false" />
              </lines>
            </method>
            <method name="History" signature="()" line-rate="1" branch-rate="1" complexity="1">
              <lines>
                <line number="32" hits="6" branch="false" />
                <line number="33" hits="6" branch="false" />
                <line number="34" hits="6" branch="false" />
                <line number="35" hits="6" branch="false" />
                <line number="36" hits="6" branch="false" />
                <line number="37" hits="6" branch="false" />
                <line number="38" hits="6" branch="false" />
                <line number="39" hits="6" branch="false" />
              </lines>
            </method>
          </methods>
          <lines>
            <line number="22" hits="42" branch="false" />
            <line number="24" hits="42" branch="false" />
            <line number="25" hits="42" branch="false" />
            <line number="26" hits="42" branch="false" />
            <line number="32" hits="6" branch="false" />
            <line number="33" hits="6" branch="false" />
            <line number="34" hits="6" branch="false" />
            <line number="35" hits="6" branch="false" />
            <line number="36" hits="6" branch="false" />
            <line number="37" hits="6" branch="false" />
            <line number="38" hits="6" branch="false" />
            <line number="39" hits="6" branch="false" />
            <line number="46" hits="36" branch="true" condition-coverage="100% (2/2)" />
            <line number="47" hits="4" branch="false" />
            <line number="49" hits="32" branch="true" condition-coverage="100% (4/4)" />
            <line number="50" hits="2" branch="false" />
            <line number="51" hits="64" branch="true" condition-coverage="50% (1/2)" />
            <line number="52" hits="6" branch="false" />
            <line number="55" hits="52" branch="false" />
            <line number="56" hits="24" branch="true" condition-coverage="100% (2/2)" />
            <line number="57" hits="22" branch="false" />
            <line number="59" hits="24" branch="false" />
            <line number="60" hits="108" branch="true" condition-coverage="100% (2/2)" />
            <line number="62" hits="30" branch="true" condition-coverage="100% (8/8)" />
            <line number="63" hits="26" branch="false" />
            <line number="67" hits="28" branch="true" condition-coverage="83% (5/6)" />
            <line number="68" hits="4" branch="false" />
            <line number="70" hits="26" branch="true" condition-coverage="100% (2/2)" />
            <line number="72" hits="22" branch="false" />
            <line number="73" hits="22" branch="true" condition-coverage="100% (2/2)" />
            <line number="74" hits="6" branch="true" condition-coverage="100% (2/2)" />
            <line number="75" hits="6" branch="false" />
            <line number="76" hits="6" branch="false" />
            <line number="78" hits="16" branch="true" condition-coverage="100% (2/2)" />
            <line number="79" hits="16" branch="false" />
            <line number="80" hits="16" branch="false" />
            <line number="82" hits="16" branch="false" />
            <line number="83" hits="36" branch="false" />
          </lines>
        </class>
        <class name="FitTrack.API.Controllers.GoalsController" filename="/src/FitTrack.API/Controllers/GoalsController.cs" line-rate="1" branch-rate="1" complexity="5">
          <methods>
            <method name=".ctor" signature="(FitTrack.API.Data.AppDbContext)" line-rate="1" branch-rate="1" complexity="1">
              <lines>
                <line number="13" hits="40" branch="false" />
              </lines>
            </method>
            <method name="Get" signature="()" line-rate="1" branch-rate="1" complexity="1">
              <lines>
                <line number="39" hits="18" branch="false" />
              </lines>
            </method>
            <method name="GetOrCreateAsync" signature="()" line-rate="1" branch-rate="1" complexity="2">
              <lines>
                <line number="19" hits="20" branch="false" />
                <line number="20" hits="20" branch="true" condition-coverage="100% (2/2)" />
                <line number="22" hits="14" branch="false" />
                <line number="23" hits="14" branch="false" />
                <line number="24" hits="14" branch="false" />
                <line number="25" hits="14" branch="false" />
                <line number="26" hits="14" branch="false" />
                <line number="27" hits="14" branch="false" />
                <line number="28" hits="14" branch="false" />
                <line number="29" hits="14" branch="false" />
                <line number="30" hits="14" branch="false" />
                <line number="31" hits="14" branch="false" />
                <line number="32" hits="14" branch="false" />
                <line number="34" hits="20" branch="false" />
                <line number="35" hits="20" branch="false" />
              </lines>
            </method>
            <method name="Update" signature="()" line-rate="1" branch-rate="1" complexity="1">
              <lines>
                <line number="45" hits="2" branch="false" />
                <line number="46" hits="2" branch="false" />
                <line number="47" hits="2" branch="false" />
                <line number="48" hits="2" branch="false" />
                <line number="49" hits="2" branch="false" />
                <line number="50" hits="2" branch="false" />
                <line number="51" hits="2" branch="false" />
                <line number="52" hits="2" branch="false" />
                <line number="53" hits="2" branch="false" />
              </lines>
            </method>
          </methods>
          <lines>
            <line number="13" hits="40" branch="false" />
            <line number="19" hits="20" branch="false" />
            <line number="20" hits="20" branch="true" condition-coverage="100% (2/2)" />
            <line number="22" hits="14" branch="false" />
            <line number="23" hits="14" branch="false" />
            <line number="24" hits="14" branch="false" />
            <line number="25" hits="14" branch="false" />
            <line number="26" hits="14" branch="false" />
            <line number="27" hits="14" branch="false" />
            <line number="28" hits="14" branch="false" />
            <line number="29" hits="14" branch="false" />
            <line number="30" hits="14" branch="false" />
            <line number="31" hits="14" branch="false" />
            <line number="32" hits="14" branch="false" />
            <line number="34" hits="20" branch="false" />
            <line number="35" hits="20" branch="false" />
            <line number="39" hits="18" branch="false" />
            <line number="45" hits="2" branch="false" />
            <line number="46" hits="2" branch="false" />
            <line number="47" hits="2" branch="false" />
            <line number="48" hits="2" branch="false" />
            <line number="49" hits="2" branch="false" />
            <line number="50" hits="2" branch="false" />
            <line number="51" hits="2" branch="false" />
            <line number="52" hits="2" branch="false" />
            <line number="53" hits="2" branch="false" />
          </lines>
        </class>
        <class name="FitTrack.API.Controllers.LegacyClaimRequest" filename="/src/FitTrack.API/Controllers/AccountController.cs" line-rate="1" branch-rate="1" complexity="1">
          <methods>
            <method name="get_LegacyPassword" signature="()" line-rate="1" branch-rate="1" complexity="1">
              <lines>
                <line number="22" hits="22" branch="false" />
              </lines>
            </method>
          </methods>
          <lines>
            <line number="22" hits="22" branch="false" />
          </lines>
        </class>
        <class name="FitTrack.API.Controllers.LoginRequest" filename="/src/FitTrack.API/Controllers/AuthController.cs" line-rate="1" branch-rate="1" complexity="1">
          <methods>
            <method name="get_Email" signature="()" line-rate="1" branch-rate="1" complexity="1">
              <lines>
                <line number="18" hits="280" branch="false" />
              </lines>
            </method>
          </methods>
          <lines>
            <line number="18" hits="280" branch="false" />
          </lines>
        </class>
        <class name="FitTrack.API.Controllers.NutritionController" filename="/src/FitTrack.API/Controllers/NutritionController.cs" line-rate="1" branch-rate="0.8571428571428571" complexity="17">
          <methods>
            <method name=".ctor" signature="(FitTrack.API.Data.AppDbContext)" line-rate="1" branch-rate="1" complexity="1">
              <lines>
                <line number="14" hits="64" branch="false" />
                <line number="16" hits="64" branch="false" />
                <line number="17" hits="64" branch="false" />
              </lines>
            </method>
            <method name="Day" signature="()" line-rate="1" branch-rate="1" complexity="2">
              <lines>
                <line number="111" hits="6" branch="true" condition-coverage="100% (2/2)" />
                <line number="112" hits="2" branch="false" />
                <line number="114" hits="4" branch="false" />
                <line number="115" hits="4" branch="false" />
                <line number="116" hits="4" branch="false" />
                <line number="117" hits="4" branch="false" />
                <line number="119" hits="4" branch="false" />
                <line number="120" hits="2" branch="false" />
                <line number="121" hits="8" branch="false" />
                <line number="123" hits="4" branch="false" />
                <line number="124" hits="6" branch="false" />
              </lines>
            </method>
            <method name="DeleteLog" signature="()" line-rate="1" branch-rate="1" complexity="2">
              <lines>
                <line number="100" hits="4" branch="false" />
                <line number="101" hits="6" branch="true" condition-coverage="100% (2/2)" />
                <line number="102" hits="2" branch="false" />
                <line number="103" hits="2" branch="false" />
                <line number="104" hits="2" branch="false" />
                <line number="105" hits="4" branch="false" />
              </lines>
            </method>
            <method name="History" signature="()" line-rate="1" branch-rate="1" complexity="1">
              <lines>
                <line number="130" hits="4" branch="false" />
                <line number="131" hits="4" branch="false" />
                <line number="132" hits="4" branch="false" />
                <line number="133" hits="4" branch="false" />
                <line number="135" hits="4" branch="false" />
                <line number="136" hits="2" branch="false" />
                <line number="137" hits="2" branch="false" />
                <line number="138" hits="2" branch="false" />
                <line number="139" hits="2" branch="false" />
                <line number="140" hits="2" branch="false" />
                <line number="141" hits="2" branch="false" />
                <line number="142" hits="2" branch="false" />
                <line number="143" hits="2" branch="false" />
                <line number="144" hits="2" branch="false" />
                <line number="145" hits="2" branch="false" />
                <line number="146" hits="2" branch="false" />
                <line number="147" hits="4" branch="false" />
                <line number="149" hits="4" branch="false" />
                <line number="150" hits="4" branch="false" />
              </lines>
            </method>
            <method name="Log" signature="()" line-rate="1" branch-rate="0.5" complexity="2">
              <lines>
                <line number="25" hits="14" branch="true" condition-coverage="50% (1/2)" />
                <line number="26" hits="14" branch="false" />
                <line number="27" hits="14" branch="false" />
                <line number="28" hits="14" branch="false" />
                <line number="29" hits="14" branch="false" />
                <line number="30" hits="14" branch="false" />
                <line number="31" hits="14" branch="false" />
                <line number="32" hits="14" branch="false" />
                <line number="33" hits="14" branch="false" />
                <line number="34" hits="14" branch="false" />
                <line number="35" hits="14" branch="false" />
                <line number="36" hits="14" branch="false" />
                <line number="37" hits="14" branch="false" />
                <line number="38" hits="14" branch="false" />
                <line number="39" hits="14" branch="false" />
                <line number="40" hits="14" branch="false" />
              </lines>
            </method>
            <method name="Streak" signature="()" line-rate="1" branch-rate="1" complexity="4">
              <lines>
                <line number="156" hits="4" branch="false" />
                <line number="157" hits="4" branch="false" />
                <line number="159" hits="12" branch="true" condition-coverage="100% (2/2)" />
                <line number="161" hits="6" branch="false" />
                <line number="162" hits="6" branch="false" />
                <line number="163" hits="6" branch="false" />
                <line number="164" hits="8" branch="true" condition-coverage="100% (2/2)" />
                <line number="168" hits="4" branch="false" />
                <line number="169" hits="4" branch="false" />
              </lines>
            </method>
            <method name="Summary" signature="()" line-rate="1" branch-rate="0.5" complexity="2">
              <lines>
                <line number="82" hits="4" branch="true" condition-coverage="50% (1/2)" />
                <line number="83" hits="4" branch="false" />
                <line number="84" hits="4" branch="false" />
                <line number="85" hits="4" branch="false" />
                <line number="87" hits="4" branch="false" />
                <line number="88" hits="4" branch="false" />
                <line number="89" hits="2" branch="false" />
                <line number="90" hits="2" branch="false" />
                <line number="91" hits="2" branch="false" />
                <line number="92" hits="2" branch="false" />
                <line number="93" hits="4" branch="false" />
                <line number="94" hits="4" branch="false" />
              </lines>
            </method>
            <method name="Today" signature="()" line-rate="1" branch-rate="1" complexity="1">
              <lines>
                <line number="65" hits="24" branch="false" />
                <line number="66" hits="24" branch="false" />
                <line number="67" hits="24" branch="false" />
                <line number="68" hits="24" branch="false" />
                <line number="69" hits="24" branch="false" />
                <line number="71" hits="24" branch="false" />
                <line number="72" hits="10" branch="false" />
                <line number="73" hits="44" branch="false" />
                <line number="75" hits="24" branch="false" />
                <line number="76" hits="24" branch="false" />
              </lines>
            </method>
            <method name="UpdateLog" signature="()" line-rate="1" branch-rate="1" complexity="2">
              <lines>
                <line number="46" hits="4" branch="false" />
                <line number="47" hits="6" branch="true" condition-coverage="100% (2/2)" />
                <line number="49" hits="2" branch="false" />
                <line number="50" hits="2" branch="false" />
                <line number="51" hits="2" branch="false" />
                <line number="52" hits="2" branch="false" />
                <line number="53" hits="2" branch="false" />
                <line number="54" hits="2" branch="false" />
                <line number="55" hits="2" branch="false" />
                <line number="57" hits="2" branch="false" />
                <line number="58" hits="2" branch="false" />
                <line number="59" hits="4" branch="false" />
              </lines>
            </method>
          </methods>
          <lines>
            <line number="14" hits="64" branch="false" />
            <line number="16" hits="64" branch="false" />
            <line number="17" hits="64" branch="false" />
            <line number="25" hits="14" branch="true" condition-coverage="50% (1/2)" />
            <line number="26" hits="14" branch="false" />
            <line number="27" hits="14" branch="false" />
            <line number="28" hits="14" branch="false" />
            <line number="29" hits="14" branch="false" />
            <line number="30" hits="14" branch="false" />
            <line number="31" hits="14" branch="false" />
            <line number="32" hits="14" branch="false" />
            <line number="33" hits="14" branch="false" />
            <line number="34" hits="14" branch="false" />
            <line number="35" hits="14" branch="false" />
            <line number="36" hits="14" branch="false" />
            <line number="37" hits="14" branch="false" />
            <line number="38" hits="14" branch="false" />
            <line number="39" hits="14" branch="false" />
            <line number="40" hits="14" branch="false" />
            <line number="46" hits="4" branch="false" />
            <line number="47" hits="6" branch="true" condition-coverage="100% (2/2)" />
            <line number="49" hits="2" branch="false" />
            <line number="50" hits="2" branch="false" />
            <line number="51" hits="2" branch="false" />
            <line number="52" hits="2" branch="false" />
            <line number="53" hits="2" branch="false" />
            <line number="54" hits="2" branch="false" />
            <line number="55" hits="2" branch="false" />
            <line number="57" hits="2" branch="false" />
            <line number="58" hits="2" branch="false" />
            <line number="59" hits="4" branch="false" />
            <line number="65" hits="24" branch="false" />
            <line number="66" hits="24" branch="false" />
            <line number="67" hits="24" branch="false" />
            <line number="68" hits="24" branch="false" />
            <line number="69" hits="24" branch="false" />
            <line number="71" hits="24" branch="false" />
            <line number="72" hits="10" branch="false" />
            <line number="73" hits="44" branch="false" />
            <line number="75" hits="24" branch="false" />
            <line number="76" hits="24" branch="false" />
            <line number="82" hits="4" branch="true" condition-coverage="50% (1/2)" />
            <line number="83" hits="4" branch="false" />
            <line number="84" hits="4" branch="false" />
            <line number="85" hits="4" branch="false" />
            <line number="87" hits="4" branch="false" />
            <line number="88" hits="4" branch="false" />
            <line number="89" hits="2" branch="false" />
            <line number="90" hits="2" branch="false" />
            <line number="91" hits="2" branch="false" />
            <line number="92" hits="2" branch="false" />
            <line number="93" hits="4" branch="false" />
            <line number="94" hits="4" branch="false" />
            <line number="100" hits="4" branch="false" />
            <line number="101" hits="6" branch="true" condition-coverage="100% (2/2)" />
            <line number="102" hits="2" branch="false" />
            <line number="103" hits="2" branch="false" />
            <line number="104" hits="2" branch="false" />
            <line number="105" hits="4" branch="false" />
            <line number="111" hits="6" branch="true" condition-coverage="100% (2/2)" />
            <line number="112" hits="2" branch="false" />
            <line number="114" hits="4" branch="false" />
            <line number="115" hits="4" branch="false" />
            <line number="116" hits="4" branch="false" />
            <line number="117" hits="4" branch="false" />
            <line number="119" hits="4" branch="false" />
            <line number="120" hits="2" branch="false" />
            <line number="121" hits="8" branch="false" />
            <line number="123" hits="4" branch="false" />
            <line number="124" hits="6" branch="false" />
            <line number="130" hits="4" branch="false" />
            <line number="131" hits="4" branch="false" />
            <line number="132" hits="4" branch="false" />
            <line number="133" hits="4" branch="false" />
            <line number="135" hits="4" branch="false" />
            <line number="136" hits="2" branch="false" />
            <line number="137" hits="2" branch="false" />
            <line number="138" hits="2" branch="false" />
            <line number="139" hits="2" branch="false" />
            <line number="140" hits="2" branch="false" />
            <line number="141" hits="2" branch="false" />
            <line number="142" hits="2" branch="false" />
            <line number="143" hits="2" branch="false" />
            <line number="144" hits="2" branch="false" />
            <line number="145" hits="2" branch="false" />
            <line number="146" hits="2" branch="false" />
            <line number="147" hits="4" branch="false" />
            <line number="149" hits="4" branch="false" />
            <line number="150" hits="4" branch="false" />
            <line number="156" hits="4" branch="false" />
            <line number="157" hits="4" branch="false" />
            <line number="159" hits="12" branch="true" condition-coverage="100% (2/2)" />
            <line number="161" hits="6" branch="false" />
            <line number="162" hits="6" branch="false" />
            <line number="163" hits="6" branch="false" />
            <line number="164" hits="8" branch="true" condition-coverage="100% (2/2)" />
            <line number="168" hits="4" branch="false" />
            <line number="169" hits="4" branch="false" />
          </lines>
        </class>
        <class name="FitTrack.API.Controllers.PasswordConfirmRequest" filename="/src/FitTrack.API/Controllers/AccountController.cs" line-rate="1" branch-rate="1" complexity="1">
          <methods>
            <method name="get_Password" signature="()" line-rate="1" branch-rate="1" complexity="1">
              <lines>
                <line number="21" hits="12" branch="false" />
              </lines>
            </method>
          </methods>
          <lines>
            <line number="21" hits="12" branch="false" />
          </lines>
        </class>
        <class name="FitTrack.API.Controllers.ProfileController" filename="/src/FitTrack.API/Controllers/ProfileController.cs" line-rate="1" branch-rate="1" complexity="5">
          <methods>
            <method name=".ctor" signature="(FitTrack.API.Data.AppDbContext)" line-rate="1" branch-rate="1" complexity="1">
              <lines>
                <line number="13" hits="16" branch="false" />
              </lines>
            </method>
            <method name="Get" signature="()" line-rate="1" branch-rate="1" complexity="1">
              <lines>
                <line number="19" hits="4" branch="false" />
                <line number="20" hits="4" branch="false" />
              </lines>
            </method>
            <method name="GetOrCreate" signature="()" line-rate="1" branch-rate="1" complexity="2">
              <lines>
                <line number="36" hits="8" branch="false" />
                <line number="37" hits="8" branch="true" condition-coverage="100% (2/2)" />
                <line number="39" hits="6" branch="false" />
                <line number="40" hits="6" branch="false" />
                <line number="41" hits="6" branch="false" />
                <line number="42" hits="6" branch="false" />
                <line number="43" hits="6" branch="false" />
                <line number="44" hits="6" branch="false" />
                <line number="45" hits="6" branch="false" />
                <line number="47" hits="8" branch="false" />
                <line number="48" hits="8" branch="false" />
              </lines>
            </method>
            <method name="Update" signature="()" line-rate="1" branch-rate="1" complexity="1">
              <lines>
                <line number="26" hits="4" branch="false" />
                <line number="27" hits="4" branch="false" />
                <line number="28" hits="4" branch="false" />
                <line number="29" hits="4" branch="false" />
                <line number="30" hits="4" branch="false" />
                <line number="31" hits="4" branch="false" />
                <line number="32" hits="4" branch="false" />
              </lines>
            </method>
          </methods>
          <lines>
            <line number="13" hits="16" branch="false" />
            <line number="19" hits="4" branch="false" />
            <line number="20" hits="4" branch="false" />
            <line number="26" hits="4" branch="false" />
            <line number="27" hits="4" branch="false" />
            <line number="28" hits="4" branch="false" />
            <line number="29" hits="4" branch="false" />
            <line number="30" hits="4" branch="false" />
            <line number="31" hits="4" branch="false" />
            <line number="32" hits="4" branch="false" />
            <line number="36" hits="8" branch="false" />
            <line number="37" hits="8" branch="true" condition-coverage="100% (2/2)" />
            <line number="39" hits="6" branch="false" />
            <line number="40" hits="6" branch="false" />
            <line number="41" hits="6" branch="false" />
            <line number="42" hits="6" branch="false" />
            <line number="43" hits="6" branch="false" />
            <line number="44" hits="6" branch="false" />
            <line number="45" hits="6" branch="false" />
            <line number="47" hits="8" branch="false" />
            <line number="48" hits="8" branch="false" />
          </lines>
        </class>
        <class name="FitTrack.API.Controllers.RegisterRequest" filename="/src/FitTrack.API/Controllers/AuthController.cs" line-rate="1" branch-rate="1" complexity="1">
          <methods>
            <method name="get_Email" signature="()" line-rate="1" branch-rate="1" complexity="1">
              <lines>
                <line number="17" hits="1172" branch="false" />
              </lines>
            </method>
          </methods>
          <lines>
            <line number="17" hits="1172" branch="false" />
          </lines>
        </class>
        <class name="FitTrack.API.Controllers.SaveApiKeyRequest" filename="/src/FitTrack.API/Controllers/AccountController.cs" line-rate="1" branch-rate="1" complexity="1">
          <methods>
            <method name="get_Key" signature="()" line-rate="1" branch-rate="1" complexity="1">
              <lines>
                <line number="18" hits="148" branch="false" />
              </lines>
            </method>
          </methods>
          <lines>
            <line number="18" hits="148" branch="false" />
          </lines>
        </class>
        <class name="FitTrack.API.Controllers.SessionResponse" filename="/src/FitTrack.API/Controllers/AuthController.cs" line-rate="1" branch-rate="1" complexity="1">
          <methods>
            <method name="get_Id" signature="()" line-rate="1" branch-rate="1" complexity="1">
              <lines>
                <line number="20" hits="924" branch="false" />
              </lines>
            </method>
          </methods>
          <lines>
            <line number="20" hits="924" branch="false" />
          </lines>
        </class>
        <class name="FitTrack.API.Controllers.TelegramLinkCode" filename="/src/FitTrack.API/Controllers/AccountController.cs" line-rate="1" branch-rate="1" complexity="1">
          <methods>
            <method name="get_Code" signature="()" line-rate="1" branch-rate="1" complexity="1">
              <lines>
                <line number="24" hits="66" branch="false" />
              </lines>
            </method>
          </methods>
          <lines>
            <line number="24" hits="66" branch="false" />
          </lines>
        </class>
        <class name="FitTrack.API.Controllers.TelegramStatus" filename="/src/FitTrack.API/Controllers/AccountController.cs" line-rate="1" branch-rate="1" complexity="1">
          <methods>
            <method name="get_BotEnabled" signature="()" line-rate="1" branch-rate="1" complexity="1">
              <lines>
                <line number="23" hits="24" branch="false" />
              </lines>
            </method>
          </methods>
          <lines>
            <line number="23" hits="24" branch="false" />
          </lines>
        </class>
        <class name="FitTrack.API.Controllers.WeightController" filename="/src/FitTrack.API/Controllers/WeightController.cs" line-rate="1" branch-rate="0.8571428571428571" complexity="18">
          <methods>
            <method name=".ctor" signature="(FitTrack.API.Data.AppDbContext)" line-rate="1" branch-rate="1" complexity="1">
              <lines>
                <line number="13" hits="64" branch="false" />
              </lines>
            </method>
            <method name="Delete" signature="()" line-rate="1" branch-rate="1" complexity="2">
              <lines>
                <line number="128" hits="4" branch="false" />
                <line number="129" hits="6" branch="true" condition-coverage="100% (2/2)" />
                <line number="130" hits="2" branch="false" />
                <line number="131" hits="2" branch="false" />
                <line number="132" hits="2" branch="false" />
                <line number="133" hits="4" branch="false" />
              </lines>
            </method>
            <method name="History" signature="()" line-rate="1" branch-rate="0.5" complexity="2">
              <lines>
                <line number="64" hits="2" branch="true" condition-coverage="50% (1/2)" />
                <line number="65" hits="2" branch="false" />
                <line number="66" hits="2" branch="false" />
                <line number="67" hits="2" branch="false" />
                <line number="68" hits="2" branch="false" />
                <line number="69" hits="2" branch="false" />
                <line number="70" hits="2" branch="false" />
                <line number="71" hits="2" branch="false" />
              </lines>
            </method>
            <method name="Log" signature="()" line-rate="1" branch-rate="1" complexity="4">
              <lines>
                <line number="22" hits="8" branch="true" condition-coverage="100% (2/2)" />
                <line number="23" hits="8" branch="false" />
                <line number="24" hits="8" branch="false" />
                <line number="26" hits="8" branch="true" condition-coverage="100% (2/2)" />
                <line number="28" hits="2" branch="false" />
                <line number="29" hits="2" branch="false" />
                <line number="30" hits="2" branch="false" />
                <line number="31" hits="2" branch="false" />
                <line number="32" hits="2" branch="false" />
                <line number="35" hits="6" branch="false" />
                <line number="36" hits="6" branch="false" />
                <line number="37" hits="6" branch="false" />
                <line number="38" hits="6" branch="false" />
                <line number="39" hits="6" branch="false" />
                <line number="40" hits="6" branch="false" />
                <line number="41" hits="6" branch="false" />
                <line number="42" hits="6" branch="false" />
                <line number="43" hits="6" branch="false" />
                <line number="44" hits="6" branch="false" />
                <line number="45" hits="8" branch="false" />
              </lines>
            </method>
            <method name="Logs" signature="()" line-rate="1" branch-rate="0.5" complexity="2">
              <lines>
                <line number="104" hits="4" branch="true" condition-coverage="50% (1/2)" />
                <line number="105" hits="4" branch="false" />
                <line number="106" hits="4" branch="false" />
                <line number="107" hits="4" branch="false" />
                <line number="108" hits="4" branch="false" />
                <line number="109" hits="4" branch="false" />
              </lines>
            </method>
            <method name="Stats" signature="()" line-rate="1" branch-rate="1" complexity="4">
              <lines>
                <line number="77" hits="8" branch="false" />
                <line number="78" hits="12" branch="true" condition-coverage="100% (2/2)" />
                <line number="80" hits="4" branch="false" />
                <line number="81" hits="4" branch="false" />
                <line number="85" hits="4" branch="false" />
                <line number="86" hits="10" branch="false" />
                <line number="88" hits="4" branch="false" />
                <line number="89" hits="4" branch="false" />
                <line number="90" hits="4" branch="false" />
                <line number="91" hits="4" branch="false" />
                <line number="92" hits="6" branch="false" />
                <line number="93" hits="6" branch="false" />
                <line number="94" hits="4" branch="false" />
                <line number="95" hits="4" branch="false" />
                <line number="96" hits="4" branch="false" />
                <line number="97" hits="4" branch="false" />
                <line number="98" hits="8" branch="false" />
              </lines>
            </method>
            <method name="Today" signature="()" line-rate="1" branch-rate="1" complexity="1">
              <lines>
                <line number="51" hits="2" branch="false" />
                <line number="52" hits="2" branch="false" />
                <line number="53" hits="2" branch="false" />
                <line number="54" hits="2" branch="false" />
                <line number="55" hits="2" branch="false" />
                <line number="57" hits="2" branch="false" />
                <line number="58" hits="2" branch="false" />
              </lines>
            </method>
            <method name="Update" signature="()" line-rate="1" branch-rate="1" complexity="2">
              <lines>
                <line number="115" hits="4" branch="false" />
                <line number="116" hits="6" branch="true" condition-coverage="100% (2/2)" />
                <line number="118" hits="2" branch="false" />
                <line number="119" hits="2" branch="false" />
                <line number="120" hits="2" branch="false" />
                <line number="121" hits="2" branch="false" />
                <line number="122" hits="4" branch="false" />
              </lines>
            </method>
          </methods>
          <lines>
            <line number="13" hits="64" branch="false" />
            <line number="22" hits="8" branch="true" condition-coverage="100% (2/2)" />
            <line number="23" hits="8" branch="false" />
            <line number="24" hits="8" branch="false" />
            <line number="26" hits="8" branch="true" condition-coverage="100% (2/2)" />
            <line number="28" hits="2" branch="false" />
            <line number="29" hits="2" branch="false" />
            <line number="30" hits="2" branch="false" />
            <line number="31" hits="2" branch="false" />
            <line number="32" hits="2" branch="false" />
            <line number="35" hits="6" branch="false" />
            <line number="36" hits="6" branch="false" />
            <line number="37" hits="6" branch="false" />
            <line number="38" hits="6" branch="false" />
[...]
            <line number="202" hits="8" branch="true" condition-coverage="100% (2/2)" />
            <line number="204" hits="2" branch="false" />
            <line number="205" hits="2" branch="false" />
            <line number="207" hits="6" branch="true" condition-coverage="50% (1/2)" />
            <line number="210" hits="6" branch="false" />
            <line number="211" hits="6" branch="false" />
            <line number="213" hits="6" branch="true" condition-coverage="100% (2/2)" />
            <line number="215" hits="2" branch="false" />
            <line number="216" hits="2" branch="false" />
            <line number="217" hits="2" branch="false" />
            <line number="221" hits="8" branch="false" />
            <line number="222" hits="0" branch="false" />
            <line number="224" hits="4" branch="true" condition-coverage="50% (1/2)" />
            <line number="227" hits="4" branch="false" />
            <line number="228" hits="4" branch="false" />
            <line number="231" hits="4" branch="false" />
            <line number="232" hits="4" branch="false" />
            <line number="233" hits="4" branch="false" />
            <line number="234" hits="4" branch="false" />
            <line number="235" hits="4" branch="false" />
            <line number="237" hits="4" branch="false" />
            <line number="238" hits="16" branch="true" condition-coverage="100% (2/2)" />
            <line number="239" hits="4" branch="false" />
            <line number="241" hits="4" branch="true" condition-coverage="67% (4/6)" />
            <line number="243" hits="4" branch="false" />
            <line number="244" hits="4" branch="true" condition-coverage="100% (2/2)" />
            <line number="246" hits="2" branch="true" condition-coverage="50% (1/2)" />
            <line number="247" hits="2" branch="false" />
            <line number="248" hits="2" branch="false" />
            <line number="249" hits="2" branch="false" />
            <line number="252" hits="2" branch="true" condition-coverage="100% (2/2)" />
            <line number="254" hits="2" branch="false" />
            <line number="255" hits="2" branch="false" />
            <line number="256" hits="2" branch="false" />
            <line number="258" hits="54" branch="false" />
            <line number="263" hits="36" branch="false" />
            <line number="264" hits="36" branch="false" />
            <line number="265" hits="24" branch="false" />
            <line number="266" hits="48" branch="true" condition-coverage="50% (1/2)" />
            <line number="267" hits="36" branch="true" condition-coverage="100% (2/2)" />
            <line number="269" hits="2" branch="false" />
            <line number="270" hits="2" branch="false" />
            <line number="273" hits="34" branch="false" />
            <line number="274" hits="34" branch="false" />
            <line number="275" hits="34" branch="false" />
            <line number="276" hits="34" branch="true" condition-coverage="100% (2/2)" />
            <line number="278" hits="16" branch="false" />
            <line number="279" hits="16" branch="false" />
            <line number="283" hits="18" branch="false" />
            <line number="284" hits="42" branch="true" condition-coverage="100% (2/2)" />
            <line number="285" hits="18" branch="false" />
            <line number="287" hits="18" branch="false" />
            <line number="288" hits="18" branch="false" />
            <line number="289" hits="18" branch="false" />
            <line number="290" hits="18" branch="false" />
            <line number="291" hits="18" branch="false" />
            <line number="293" hits="18" branch="false" />
            <line number="294" hits="18" branch="false" />
            <line number="295" hits="36" branch="false" />
            <line number="297" hits="54" branch="false" />
            <line number="303" hits="58" branch="true" condition-coverage="50% (1/2)" />
            <line number="304" hits="58" branch="false" />
            <line number="305" hits="58" branch="false" />
            <line number="306" hits="58" branch="false" />
            <line number="307" hits="58" branch="false" />
            <line number="308" hits="58" branch="false" />
            <line number="309" hits="58" branch="false" />
            <line number="310" hits="0" branch="false" />
            <line number="311" hits="58" branch="false" />
          </lines>
        </class>
        <class name="Program" filename="/src/FitTrack.API/Program.cs" line-rate="0.9298245614035088" branch-rate="0.8611111111111112" complexity="36">
          <methods>
            <method name="&lt;Main&gt;$" signature="(System.String[])" line-rate="0.9298245614035088" branch-rate="0.8611111111111112" complexity="28">
              <lines>
                <line number="14" hits="28" branch="false" />
                <line number="16" hits="28" branch="false" />
                <line number="17" hits="28" branch="false" />
                <line number="21" hits="28" branch="true" condition-coverage="33% (2/6)" />
                <line number="22" hits="28" branch="false" />
                <line number="23" hits="28" branch="false" />
                <line number="25" hits="28" branch="false" />
                <line number="27" hits="28" branch="false" />
                <line number="28" hits="28" branch="false" />
                <line number="29" hits="28" branch="false" />
                <line number="30" hits="28" branch="false" />
                <line number="32" hits="28" branch="false" />
                <line number="33" hits="784" branch="false" />
                <line number="36" hits="28" branch="false" />
                <line number="37" hits="28" branch="false" />
                <line number="38" hits="28" branch="false" />
                <line number="42" hits="28" branch="false" />
                <line number="43" hits="28" branch="false" />
                <line number="44" hits="28" branch="false" />
                <line number="45" hits="28" branch="false" />
                <line number="46" hits="28" branch="false" />
                <line number="47" hits="28" branch="false" />
                <line number="48" hits="56" branch="false" />
                <line number="50" hits="28" branch="false" />
                <line number="51" hits="28" branch="false" />
                <line number="52" hits="28" branch="false" />
                <line number="53" hits="28" branch="false" />
                <line number="54" hits="28" branch="true" condition-coverage="100% (2/2)" />
                <line number="55" hits="28" branch="false" />
                <line number="56" hits="28" branch="false" />
                <line number="57" hits="28" branch="true" condition-coverage="100% (2/2)" />
                <line number="58" hits="28" branch="false" />
                <line number="59" hits="28" branch="false" />
                <line number="60" hits="28" branch="false" />
                <line number="61" hits="28" branch="false" />
                <line number="62" hits="28" branch="false" />
                <line number="63" hits="28" branch="false" />
                <line number="64" hits="28" branch="false" />
                <line number="65" hits="40" branch="false" />
                <line number="66" hits="0" branch="false" />
                <line number="67" hits="28" branch="false" />
                <line number="68" hits="56" branch="false" />
                <line number="69" hits="28" branch="false" />
                <line number="72" hits="28" branch="false" />
                <line number="75" hits="216" branch="true" condition-coverage="75% (3/4)" />
                <line number="76" hits="122" branch="true" condition-coverage="100% (4/4)" />
                <line number="78" hits="28" branch="false" />
                <line number="79" hits="28" branch="false" />
                <line number="80" hits="28" branch="false" />
                <line number="81" hits="28" branch="false" />
                <line number="82" hits="28" branch="false" />
                <line number="83" hits="4" branch="false" />
                <line number="84" hits="4" branch="false" />
                <line number="85" hits="32" branch="false" />
                <line number="86" hits="28" branch="false" />
                <line number="87" hits="28" branch="false" />
                <line number="88" hits="242" branch="true" condition-coverage="100% (2/2)" />
                <line number="89" hits="270" branch="false" />
                <line number="90" hits="28" branch="false" />
                <line number="91" hits="28" branch="false" />
                <line number="92" hits="66" branch="true" condition-coverage="100% (4/4)" />
                <line number="93" hits="92" branch="false" />
                <line number="94" hits="28" branch="false" />
                <line number="95" hits="28" branch="false" />
                <line number="96" hits="112" branch="true" condition-coverage="100% (4/4)" />
                <line number="97" hits="178" branch="false" />
                <line number="98" hits="28" branch="false" />
                <line number="99" hits="28" branch="false" />
                <line number="100" hits="36" branch="true" condition-coverage="100% (4/4)" />
                <line number="101" hits="38" branch="false" />
                <line number="102" hits="56" branch="false" />
                <line number="104" hits="28" branch="false" />
                <line number="105" hits="56" branch="false" />
                <line number="107" hits="28" branch="false" />
                <line number="108" hits="28" branch="false" />
                <line number="109" hits="28" branch="false" />
                <line number="110" hits="28" branch="false" />
                <line number="111" hits="28" branch="false" />
                <line number="113" hits="28" branch="false" />
                <line number="115" hits="28" branch="false" />
                <line number="119" hits="28" branch="false" />
                <line number="120" hits="28" branch="false" />
                <line number="121" hits="28" branch="false" />
                <line number="122" hits="28" branch="false" />
                <line number="123" hits="28" branch="false" />
                <line number="124" hits="28" branch="false" />
                <line number="125" hits="0" branch="false" />
                <line number="130" hits="28" branch="false" />
                <line number="131" hits="28" branch="false" />
                <line number="132" hits="28" branch="false" />
                <line number="134" hits="28" branch="false" />
                <line number="138" hits="56" branch="true" condition-coverage="100% (2/2)" />
                <line number="139" hits="56" branch="false" />
                <line number="140" hits="0" branch="false" />
                <line number="141" hits="0" branch="false" />
                <line number="142" hits="0" branch="false" />
                <line number="143" hits="0" branch="false" />
                <line number="144" hits="0" branch="false" />
                <line number="145" hits="0" branch="false" />
                <line number="146" hits="56" branch="false" />
                <line number="148" hits="28" branch="false" />
                <line number="152" hits="28" branch="false" />
                <line number="153" hits="28" branch="false" />
                <line number="155" hits="28" branch="false" />
                <line number="156" hits="28" branch="false" />
                <line number="157" hits="28" branch="false" />
                <line number="158" hits="28" branch="false" />
                <line number="159" hits="28" branch="false" />
                <line number="162" hits="28" branch="false" />
                <line number="165" hits="30" branch="false" />
                <line number="168" hits="36" branch="false" />
                <line number="172" hits="28" branch="false" />
                <line number="174" hits="28" branch="true" condition-coverage="100% (2/2)" />
                <line number="175" hits="28" branch="false" />
              </lines>
            </method>
            <method name="ClientIp" signature="()" line-rate="1" branch-rate="0.75" complexity="4">
              <lines>
                <line number="75" hits="216" branch="true" condition-coverage="75% (3/4)" />
              </lines>
            </method>
            <method name="UserOrIp" signature="()" line-rate="1" branch-rate="1" complexity="4">
              <lines>
                <line number="76" hits="122" branch="true" condition-coverage="100% (4/4)" />
              </lines>
            </method>
          </methods>
          <lines>
            <line number="14" hits="28" branch="false" />
            <line number="16" hits="28" branch="false" />
            <line number="17" hits="28" branch="false" />
            <line number="21" hits="28" branch="true" condition-coverage="33% (2/6)" />
            <line number="22" hits="28" branch="false" />
            <line number="23" hits="28" branch="false" />
            <line number="25" hits="28" branch="false" />
            <line number="27" hits="28" branch="false" />
            <line number="28" hits="28" branch="false" />
            <line number="29" hits="28" branch="false" />
            <line number="30" hits="28" branch="false" />
            <line number="32" hits="28" branch="false" />
            <line number="33" hits="784" branch="false" />
            <line number="36" hits="28" branch="false" />
            <line number="37" hits="28" branch="false" />
            <line number="38" hits="28" branch="false" />
            <line number="42" hits="28" branch="false" />
            <line number="43" hits="28" branch="false" />
            <line number="44" hits="28" branch="false" />
            <line number="45" hits="28" branch="false" />
            <line number="46" hits="28" branch="false" />
            <line number="47" hits="28" branch="false" />
            <line number="48" hits="56" branch="false" />
            <line number="50" hits="28" branch="false" />
            <line number="51" hits="28" branch="false" />
            <line number="52" hits="28" branch="false" />
            <line number="53" hits="28" branch="false" />
            <line number="54" hits="28" branch="true" condition-coverage="100% (2/2)" />
            <line number="55" hits="28" branch="false" />
            <line number="56" hits="28" branch="false" />
            <line number="57" hits="28" branch="true" condition-coverage="100% (2/2)" />
            <line number="58" hits="28" branch="false" />
            <line number="59" hits="28" branch="false" />
            <line number="60" hits="28" branch="false" />
            <line number="61" hits="28" branch="false" />
            <line number="62" hits="28" branch="false" />
            <line number="63" hits="28" branch="false" />
            <line number="64" hits="28" branch="false" />
            <line number="65" hits="40" branch="false" />
            <line number="66" hits="0" branch="false" />
            <line number="67" hits="28" branch="false" />
            <line number="68" hits="56" branch="false" />
            <line number="69" hits="28" branch="false" />
            <line number="72" hits="28" branch="false" />
            <line number="75" hits="216" branch="true" condition-coverage="75% (3/4)" />
            <line number="76" hits="122" branch="true" condition-coverage="100% (4/4)" />
            <line number="78" hits="28" branch="false" />
            <line number="79" hits="28" branch="false" />
            <line number="80" hits="28" branch="false" />
            <line number="81" hits="28" branch="false" />
            <line number="82" hits="28" branch="false" />
            <line number="83" hits="4" branch="false" />
            <line number="84" hits="4" branch="false" />
            <line number="85" hits="32" branch="false" />
            <line number="86" hits="28" branch="false" />
            <line number="87" hits="28" branch="false" />
            <line number="88" hits="242" branch="true" condition-coverage="100% (2/2)" />
            <line number="89" hits="270" branch="false" />
            <line number="90" hits="28" branch="false" />
            <line number="91" hits="28" branch="false" />
            <line number="92" hits="66" branch="true" condition-coverage="100% (4/4)" />
            <line number="93" hits="92" branch="false" />
            <line number="94" hits="28" branch="false" />
            <line number="95" hits="28" branch="false" />
            <line number="96" hits="112" branch="true" condition-coverage="100% (4/4)" />
            <line number="97" hits="178" branch="false" />
            <line number="98" hits="28" branch="false" />
            <line number="99" hits="28" branch="false" />
            <line number="100" hits="36" branch="true" condition-coverage="100% (4/4)" />
            <line number="101" hits="38" branch="false" />
            <line number="102" hits="56" branch="false" />
            <line number="104" hits="28" branch="false" />
            <line number="105" hits="56" branch="false" />
            <line number="107" hits="28" branch="false" />
            <line number="108" hits="28" branch="false" />
            <line number="109" hits="28" branch="false" />
            <line number="110" hits="28" branch="false" />
            <line number="111" hits="28" branch="false" />
            <line number="113" hits="28" branch="false" />
            <line number="115" hits="28" branch="false" />
            <line number="119" hits="28" branch="false" />
            <line number="120" hits="28" branch="false" />
            <line number="121" hits="28" branch="false" />
            <line number="122" hits="28" branch="false" />
            <line number="123" hits="28" branch="false" />
            <line number="124" hits="28" branch="false" />
            <line number="125" hits="0" branch="false" />
            <line number="130" hits="28" branch="false" />
            <line number="131" hits="28" branch="false" />
            <line number="132" hits="28" branch="false" />
            <line number="134" hits="28" branch="false" />
            <line number="138" hits="56" branch="true" condition-coverage="100% (2/2)" />
            <line number="139" hits="56" branch="false" />
            <line number="140" hits="0" branch="false" />
            <line number="141" hits="0" branch="false" />
            <line number="142" hits="0" branch="false" />
            <line number="143" hits="0" branch="false" />
            <line number="144" hits="0" branch="false" />
            <line number="145" hits="0" branch="false" />
            <line number="146" hits="56" branch="false" />
            <line number="148" hits="28" branch="false" />
            <line number="152" hits="28" branch="false" />
            <line number="153" hits="28" branch="false" />
            <line number="155" hits="28" branch="false" />
            <line number="156" hits="28" branch="false" />
            <line number="157" hits="28" branch="false" />
            <line number="158" hits="28" branch="false" />
            <line number="159" hits="28" branch="false" />
            <line number="162" hits="28" branch="false" />
            <line number="165" hits="30" branch="false" />
            <line number="168" hits="36" branch="false" />
            <line number="172" hits="28" branch="false" />
            <line number="174" hits="28" branch="true" condition-coverage="100% (2/2)" />
            <line number="175" hits="28" branch="false" />
          </lines>
        </class>
      </classes>
    </package>
  </packages>
</coverage>